<?xml version="1.0" encoding="UTF-8"?>
<testsuite xmlns:xsi="http://www.w3.org/2001/XMLSchema-instance" xsi:noNamespaceSchemaLocation="https://maven.apache.org/surefire/maven-surefire-plugin/xsd/surefire-test-report-3.0.xsd" version="3.0" name="com.ibit.datastore.datastore.DbCatalogueProviderTests" time="0.379" tests="1" errors="0" skipped="0" failures="0">
  <properties>
[...]
</properties>
  <testcase name="contextLoads" classname="com.ibit.datastore.datastore.DbCatalogueProviderTests" time="0.004">
    <system-out><![CDATA[01:04:20.019 [main] INFO  o.s.t.c.s.AnnotationConfigContextLoaderUtils - Could not detect default configuration classes for test class [com.ibit.datastore.datastore.DbCatalogueProviderTests]: DbCatalogueProviderTests does not declare any static, non-private, non-final, nested classes annotated with @Configuration.
01:04:20.024 [main] INFO  o.s.b.t.c.SpringBootTestContextBootstrapper - Found @SpringBootConfiguration com.ibit.datastore.AppJava for test class com.ibit.datastore.datastore.DbCatalogueProviderTests

  .   ____          _            __ _ _
 /\\ / ___'_ __ _ _(_)_ __  __ _ \ \ \ \
( ( )\___ | '_ | '_| | '_ \/ _` | \ \ \ \
 \\/  ___)| |_)| | | | | || (_| |  ) ) ) )
  '  |____| .__|_| |_|_| |_\__, | / / / /
 =========|_|==============|___/=/_/_/_/
 :: Spring Boot ::                (v3.1.2)

01:04:20.084 [main] INFO  c.i.d.d.DbCatalogueProviderTests - Starting DbCatalogueProviderTests using Java 19.0.2 with PID 29220 (started by kalje in C:\Users\kalje\Documents\GitHub\datastore)
01:04:20.085 [main] INFO  c.i.d.d.DbCatalogueProviderTests - The following 1 profile is active: "dev"
AppConfig initialization
01:04:20.384 [main] INFO  c.i.d.d.DbCatalogueProviderTests - Started DbCatalogueProviderTests in 0.347 seconds (process running for 7.295)
]]></system-out>
  </testcase>
</testsuite>